
2018-09-20 14:59:54.058133 - Request sent at: http://api.stackexchange.com/2.2/users/1384652?page=1&pagesize=1&order=desc&sort=reputation&site=stackoverflow
2018-09-20 15:00:55.378874 - Request sent at: http://api.stackexchange.com/2.2/users/1384652?page=1&pagesize=1&order=desc&sort=reputation&site=stackoverflow
2018-09-20 15:02:33.326745 - Request sent at: http://api.stackexchange.com/2.2/users/1384652?page=1&pagesize=1&order=desc&sort=reputation&site=stackoverflow
2018-09-20 15:04:13.924936 - Request sent at: http://api.stackexchange.com/2.2/users/1384652?page=1&pagesize=1&order=desc&sort=reputation&site=stackoverflow
2018-09-20 15:04:40.960319 - Request sent at: http://api.stackexchange.com/2.2/users/1384652?page=1&pagesize=1&order=desc&sort=reputation&site=stackoverflow
2018-09-20 15:05:06.785624 - Request sent at: http://api.stackexchange.com/2.2/users/1384652?page=1&pagesize=1&order=desc&sort=reputation&site=stackoverflow
2018-09-20 15:07:03.979000 - Request sent at: http://api.stackexchange.com/2.2/users/1384652?page=1&pagesize=1&order=desc&sort=reputation&site=stackoverflow
2018-09-20 15:07:34.445709 - Request sent at: http://api.stackexchange.com/2.2/users/1384652?page=1&pagesize=1&order=desc&sort=reputation&site=stackoverflow
2018-09-20 15:08:09.181738 - Request sent at: http://api.stackexchange.com/2.2/users/1384652?page=1&pagesize=1&order=desc&sort=reputation&site=stackoverflow
2018-09-20 15:22:11.762920 - Request sent at: http://api.stackexchange.com/2.2/users/1384652?page=1&pagesize=1&order=desc&sort=reputation&site=stackoverflow
2018-09-20 15:24:40.580861 - Request sent at: https://api.stackexchange.com/2.2/users/1384652?page=1&pagesize=1&order=desc&sort=reputation&site=stackoverflow
2018-09-20 15:27:51.385789 - Request sent at: http://api.stackexchange.com/docs/users-by-ids#page=1&pagesize=1&order=desc&sort=reputation&ids=1384652&filter=default&site=stackoverflow
2018-09-20 15:28:16.760874 - Request sent at: http://api.stackexchange.com/docs/users-by-ids#page=1&pagesize=1&order=desc&sort=reputation&ids=1384652&filter=default&site=stackoverflow
2018-09-20 15:35:04.907368 - Request sent at: http://api.stackexchange.com/2.2/users/1384652?page=1&pagesize=1&order=desc&sort=reputation&site=stackoverflow
2018-09-20 15:44:07.789493 - Request sent at: http://api.stackexchange.com/2.2/users/1384652?page=1&pagesize=1&order=desc&sort=reputation&site=stackoverflow
2018-09-20 15:56:01.318010 - Request sent at: http://api.stackexchange.com/2.2/users/1384652?page=1&pagesize=1&order=desc&sort=reputation&site=stackoverflow
2018-09-20 16:01:06.506649 - Request sent at: https://api.stackexchange.com/2.2/users/1384652?page=1&pagesize=1&order=desc&sort=reputation&site=stackoverflow
2018-09-20 16:04:59.151452 - Request sent at: https://api.stackexchange.com/2.2/users/1384652?page=1&pagesize=1&order=desc&sort=reputation&site=stackoverflow
2018-09-20 16:06:23.921032 - Request sent at: https://api.stackexchange.com/2.2/users/1384652?page=1&pagesize=1&order=desc&sort=reputation&site=stackoverflow
2018-09-20 16:07:03.082938 - Request sent at: https://api.stackexchange.com/2.2/users/1384652?page=1&pagesize=1&order=desc&sort=reputation&site=stackoverflow
2018-09-20 16:08:57.989984 - Request sent at: https://api.stackexchange.com/2.2/users/1384652?page=1&pagesize=1&order=desc&sort=reputation&site=stackoverflow
2018-09-20 16:11:38.973553 - Request sent at: https://api.stackexchange.com/2.2/users/1384652?page=1&pagesize=1&order=desc&sort=reputation&site=stackoverflow
2018-09-20 16:12:04.377912 - Request sent at: https://api.stackexchange.com/2.2/users/1384652?page=1&pagesize=1&order=desc&sort=reputation&site=stackoverflow
2018-09-20 16:12:55.250430 - Request sent at: https://api.stackexchange.com/2.2/users/1384652?page=1&pagesize=1&order=desc&sort=reputation&site=stackoverflow
2018-09-20 16:13:09.490386 - Request sent at: https://api.stackexchange.com/2.2/users/1384652?page=1&pagesize=1&order=desc&sort=reputation&site=stackoverflow
2018-09-20 16:14:01.138381 - Request sent at: https://api.stackexchange.com/2.2/users/1384652?page=1&pagesize=1&order=desc&sort=reputation&site=stackoverflow
2018-09-20 16:17:51.013688 - Request sent at: https://api.stackexchange.com/2.2/users/1384652?page=1&pagesize=1&order=desc&sort=reputation&site=stackoverflow
2018-09-20 16:19:09.969768 - Request sent at: https://api.stackexchange.com/2.2/users/1384652?page=1&pagesize=1&order=desc&sort=reputation&site=stackoverflow
2018-09-20 16:19:39.476952 - Request sent at: https://api.stackexchange.com/2.2/users/1384652?page=1&pagesize=1&order=desc&sort=reputation&site=stackoverflow
2018-09-20 16:22:21.703479 - Request sent at: https://api.stackexchange.com/2.2/users/1384652?page=1&pagesize=1&order=desc&sort=reputation&site=stackoverflow
2018-09-20 16:36:27.168270 - Request sent at: https://api.stackexchange.com/2.2/questions/766/answers?order=desc&sort=activity&site=stackoverflow
2018-09-20 16:45:32.870140 - Request sent at: https://api.stackexchange.com/2.2/questions/766/answers?order=desc&sort=activity&site=stackoverflow
2018-09-20 16:46:13.207204 - Request sent at: https://api.stackexchange.com/2.2/questions/766/answers?order=desc&sort=activity&site=stackoverflow
2018-09-20 16:46:54.131595 - Request sent at: https://api.stackexchange.com/2.2/questions/766/answers?order=desc&sort=activity&site=stackoverflow
2018-09-20 16:47:17.741236 - Request sent at: https://api.stackexchange.com/2.2/questions/766/answers?order=desc&sort=activity&site=stackoverflow
2018-09-21 09:14:09.593168 retrieve_answers_for_question - Request sent at: https://api.stackexchange.com/2.2/questions/766/answers?order=desc&sort=activity&site=stackoverflow
2018-09-21 09:48:06.476077 retrieve_n_questions - Request sent at: https://api.stackexchange.com/2.2/questions?tagged=postgres&filter=withbody&page=1&pagesize=10&order=asc&sort=creation&site=stackoverflow
2018-09-21 10:00:59.941737 retrieve_n_questions - Request sent at: https://api.stackexchange.com/2.2/questions?tagged=postgres&filter=withbody&page=1&pagesize=10&order=asc&sort=creation&site=stackoverflow
2018-09-21 10:07:20.691959 retrieve_n_questions - Request sent at: https://api.stackexchange.com/2.2/questions?tagged=postgres&filter=withbody&page=1&pagesize=10&order=asc&sort=creation&site=stackoverflow
2018-09-21 10:07:21.188701 retrieve_single_user - Request sent at: https://api.stackexchange.com/2.2/users/1384652?page=1&pagesize=1&order=desc&sort=reputation&site=stackoverflow
2018-09-21 10:07:21.648796 retrieve_single_user - Request sent at: https://api.stackexchange.com/2.2/users/246?page=1&pagesize=1&order=desc&sort=reputation&site=stackoverflow
2018-09-21 10:07:22.105716 retrieve_single_user - Request sent at: https://api.stackexchange.com/2.2/users/116?page=1&pagesize=1&order=desc&sort=reputation&site=stackoverflow
2018-09-21 10:07:22.570174 retrieve_single_user - Request sent at: https://api.stackexchange.com/2.2/users/277?page=1&pagesize=1&order=desc&sort=reputation&site=stackoverflow
2018-09-21 10:07:23.032153 retrieve_single_user - Request sent at: https://api.stackexchange.com/2.2/users/305?page=1&pagesize=1&order=desc&sort=reputation&site=stackoverflow
2018-09-21 10:07:23.492039 retrieve_single_user - Request sent at: https://api.stackexchange.com/2.2/users/1944?page=1&pagesize=1&order=desc&sort=reputation&site=stackoverflow
2018-09-21 10:07:23.955009 retrieve_single_user - Request sent at: https://api.stackexchange.com/2.2/users/1693?page=1&pagesize=1&order=desc&sort=reputation&site=stackoverflow
2018-09-21 10:07:24.415939 retrieve_single_user - Request sent at: https://api.stackexchange.com/2.2/users/1265?page=1&pagesize=1&order=desc&sort=reputation&site=stackoverflow
2018-09-21 10:07:24.880414 retrieve_single_user - Request sent at: https://api.stackexchange.com/2.2/users/2567?page=1&pagesize=1&order=desc&sort=reputation&site=stackoverflow
2018-09-21 10:07:25.343563 retrieve_single_user - Request sent at: https://api.stackexchange.com/2.2/users/2462?page=1&pagesize=1&order=desc&sort=reputation&site=stackoverflow
2018-09-21 10:12:52.225821 retrieve_n_questions - Request sent at: https://api.stackexchange.com/2.2/questions?tagged=postgres&filter=withbody&page=1&pagesize=10&order=asc&sort=creation&site=stackoverflow
2018-09-21 10:12:52.725464 retrieve_single_user - Request sent at: https://api.stackexchange.com/2.2/users/1384652?page=1&pagesize=1&order=desc&sort=reputation&site=stackoverflow
2018-09-21 10:12:53.574214 retrieve_single_user - Request sent at: https://api.stackexchange.com/2.2/users/246?page=1&pagesize=1&order=desc&sort=reputation&site=stackoverflow
2018-09-21 10:12:54.039109 retrieve_single_user - Request sent at: https://api.stackexchange.com/2.2/users/116?page=1&pagesize=1&order=desc&sort=reputation&site=stackoverflow
2018-09-21 10:12:54.502784 retrieve_single_user - Request sent at: https://api.stackexchange.com/2.2/users/277?page=1&pagesize=1&order=desc&sort=reputation&site=stackoverflow
2018-09-21 10:12:54.967221 retrieve_single_user - Request sent at: https://api.stackexchange.com/2.2/users/305?page=1&pagesize=1&order=desc&sort=reputation&site=stackoverflow
2018-09-21 10:12:55.427573 retrieve_single_user - Request sent at: https://api.stackexchange.com/2.2/users/1944?page=1&pagesize=1&order=desc&sort=reputation&site=stackoverflow
2018-09-21 10:12:55.887716 retrieve_single_user - Request sent at: https://api.stackexchange.com/2.2/users/1693?page=1&pagesize=1&order=desc&sort=reputation&site=stackoverflow
2018-09-21 10:12:56.488671 retrieve_single_user - Request sent at: https://api.stackexchange.com/2.2/users/1265?page=1&pagesize=1&order=desc&sort=reputation&site=stackoverflow
2018-09-21 10:12:56.947935 retrieve_single_user - Request sent at: https://api.stackexchange.com/2.2/users/2567?page=1&pagesize=1&order=desc&sort=reputation&site=stackoverflow
2018-09-21 10:12:57.421611 retrieve_single_user - Request sent at: https://api.stackexchange.com/2.2/users/2462?page=1&pagesize=1&order=desc&sort=reputation&site=stackoverflow
2018-09-21 10:33:53.660075 retrieve_n_questions - Request sent at: https://api.stackexchange.com/2.2/questions?tagged=postgres&filter=withbody&page=1&pagesize=10&order=asc&sort=creation&site=stackoverflow
2018-09-21 10:35:03.514161 retrieve_n_questions - Request sent at: https://api.stackexchange.com/2.2/questions?tagged=postgres&filter=withbody&page=1&pagesize=10&order=asc&sort=creation&site=stackoverflow
2018-09-21 10:35:22.374993 retrieve_n_questions - Request sent at: https://api.stackexchange.com/2.2/questions?tagged=postgres&filter=withbody&page=1&pagesize=10&order=asc&sort=creation&site=stackoverflow
2018-09-21 10:35:52.797453 retrieve_n_questions - Request sent at: https://api.stackexchange.com/2.2/questions?tagged=postgres&filter=withbody&page=1&pagesize=10&order=asc&sort=creation&site=stackoverflow
2018-09-21 10:36:38.384402 retrieve_n_questions - Request sent at: https://api.stackexchange.com/2.2/questions?tagged=postgres&filter=withbody&page=1&pagesize=10&order=asc&sort=creation&site=stackoverflow
2018-09-21 10:36:38.878328 retrieve_single_user - Request sent at: https://api.stackexchange.com/2.2/users/1384652?page=1&pagesize=1&order=desc&sort=reputation&site=stackoverflow
2018-09-21 10:36:39.335603 retrieve_single_user - Request sent at: https://api.stackexchange.com/2.2/users/246?page=1&pagesize=1&order=desc&sort=reputation&site=stackoverflow
2018-09-21 10:36:39.800335 retrieve_single_user - Request sent at: https://api.stackexchange.com/2.2/users/116?page=1&pagesize=1&order=desc&sort=reputation&site=stackoverflow
2018-09-21 10:36:40.260124 retrieve_single_user - Request sent at: https://api.stackexchange.com/2.2/users/277?page=1&pagesize=1&order=desc&sort=reputation&site=stackoverflow
2018-09-21 10:36:40.720871 retrieve_single_user - Request sent at: https://api.stackexchange.com/2.2/users/305?page=1&pagesize=1&order=desc&sort=reputation&site=stackoverflow
2018-09-21 10:36:41.180340 retrieve_single_user - Request sent at: https://api.stackexchange.com/2.2/users/1944?page=1&pagesize=1&order=desc&sort=reputation&site=stackoverflow
2018-09-21 10:36:41.642533 retrieve_single_user - Request sent at: https://api.stackexchange.com/2.2/users/1693?page=1&pagesize=1&order=desc&sort=reputation&site=stackoverflow
2018-09-21 10:36:42.106105 retrieve_single_user - Request sent at: https://api.stackexchange.com/2.2/users/1265?page=1&pagesize=1&order=desc&sort=reputation&site=stackoverflow
2018-09-21 10:36:42.574476 retrieve_single_user - Request sent at: https://api.stackexchange.com/2.2/users/2567?page=1&pagesize=1&order=desc&sort=reputation&site=stackoverflow
2018-09-21 10:36:43.035665 retrieve_single_user - Request sent at: https://api.stackexchange.com/2.2/users/2462?page=1&pagesize=1&order=desc&sort=reputation&site=stackoverflow
2018-09-24 09:33:42.759377 retrieve_n_questions - Request sent at: https://api.stackexchange.com/2.2/questions?tagged=postgres&filter=withbody&page=1&pagesize=10&order=asc&sort=creation&site=stackoverflow
2018-09-24 09:33:43.309314 retrieve_single_user - Request sent at: https://api.stackexchange.com/2.2/users/1384652?page=1&pagesize=1&order=desc&sort=reputation&site=stackoverflow
2018-09-24 09:33:43.811999 retrieve_single_user - Request sent at: https://api.stackexchange.com/2.2/users/246?page=1&pagesize=1&order=desc&sort=reputation&site=stackoverflow
2018-09-24 09:33:44.326404 retrieve_single_user - Request sent at: https://api.stackexchange.com/2.2/users/116?page=1&pagesize=1&order=desc&sort=reputation&site=stackoverflow
2018-09-24 09:33:44.800797 retrieve_single_user - Request sent at: https://api.stackexchange.com/2.2/users/277?page=1&pagesize=1&order=desc&sort=reputation&site=stackoverflow
2018-09-24 09:33:45.306591 retrieve_single_user - Request sent at: https://api.stackexchange.com/2.2/users/305?page=1&pagesize=1&order=desc&sort=reputation&site=stackoverflow
2018-09-24 09:33:45.795436 retrieve_single_user - Request sent at: https://api.stackexchange.com/2.2/users/1944?page=1&pagesize=1&order=desc&sort=reputation&site=stackoverflow
2018-09-24 09:33:46.313136 retrieve_single_user - Request sent at: https://api.stackexchange.com/2.2/users/1693?page=1&pagesize=1&order=desc&sort=reputation&site=stackoverflow
2018-09-24 09:33:46.880288 retrieve_single_user - Request sent at: https://api.stackexchange.com/2.2/users/1265?page=1&pagesize=1&order=desc&sort=reputation&site=stackoverflow
2018-09-24 09:33:47.449824 retrieve_single_user - Request sent at: https://api.stackexchange.com/2.2/users/2567?page=1&pagesize=1&order=desc&sort=reputation&site=stackoverflow
2018-09-24 09:33:48.130665 retrieve_single_user - Request sent at: https://api.stackexchange.com/2.2/users/2462?page=1&pagesize=1&order=desc&sort=reputation&site=stackoverflow
2018-09-24 09:35:42.649114 retrieve_n_questions - Request sent at: https://api.stackexchange.com/2.2/questions?tagged=postgres&filter=withbody&page=1&pagesize=10&order=asc&sort=creation&site=stackoverflow
2018-09-24 09:35:43.174832 retrieve_single_user - Request sent at: https://api.stackexchange.com/2.2/users/1384652?page=1&pagesize=1&order=desc&sort=reputation&site=stackoverflow
2018-09-24 09:35:43.670341 retrieve_single_user - Request sent at: https://api.stackexchange.com/2.2/users/246?page=1&pagesize=1&order=desc&sort=reputation&site=stackoverflow
2018-09-24 09:35:44.175035 retrieve_single_user - Request sent at: https://api.stackexchange.com/2.2/users/116?page=1&pagesize=1&order=desc&sort=reputation&site=stackoverflow
2018-09-24 09:35:44.659370 retrieve_single_user - Request sent at: https://api.stackexchange.com/2.2/users/277?page=1&pagesize=1&order=desc&sort=reputation&site=stackoverflow
2018-09-24 09:35:45.196019 retrieve_single_user - Request sent at: https://api.stackexchange.com/2.2/users/305?page=1&pagesize=1&order=desc&sort=reputation&site=stackoverflow
2018-09-24 09:35:45.700315 retrieve_single_user - Request sent at: https://api.stackexchange.com/2.2/users/1944?page=1&pagesize=1&order=desc&sort=reputation&site=stackoverflow
2018-09-24 09:35:46.235357 retrieve_single_user - Request sent at: https://api.stackexchange.com/2.2/users/1693?page=1&pagesize=1&order=desc&sort=reputation&site=stackoverflow
2018-09-24 09:35:46.754577 retrieve_single_user - Request sent at: https://api.stackexchange.com/2.2/users/1265?page=1&pagesize=1&order=desc&sort=reputation&site=stackoverflow
2018-09-24 09:35:47.270697 retrieve_single_user - Request sent at: https://api.stackexchange.com/2.2/users/2567?page=1&pagesize=1&order=desc&sort=reputation&site=stackoverflow
2018-09-24 09:35:47.927106 retrieve_single_user - Request sent at: https://api.stackexchange.com/2.2/users/2462?page=1&pagesize=1&order=desc&sort=reputation&site=stackoverflow
2018-09-24 09:36:11.149518 retrieve_n_questions - Request sent at: https://api.stackexchange.com/2.2/questions?tagged=postgres&filter=withbody&page=1&pagesize=10&order=asc&sort=creation&site=stackoverflow
2018-09-24 09:36:11.661176 retrieve_single_user - Request sent at: https://api.stackexchange.com/2.2/users/1384652?page=1&pagesize=1&order=desc&sort=reputation&site=stackoverflow
2018-09-24 09:36:12.145076 retrieve_single_user - Request sent at: https://api.stackexchange.com/2.2/users/246?page=1&pagesize=1&order=desc&sort=reputation&site=stackoverflow
2018-09-24 09:36:12.627037 retrieve_single_user - Request sent at: https://api.stackexchange.com/2.2/users/116?page=1&pagesize=1&order=desc&sort=reputation&site=stackoverflow
2018-09-24 09:36:13.116079 retrieve_single_user - Request sent at: https://api.stackexchange.com/2.2/users/277?page=1&pagesize=1&order=desc&sort=reputation&site=stackoverflow
2018-09-24 09:36:13.621031 retrieve_single_user - Request sent at: https://api.stackexchange.com/2.2/users/305?page=1&pagesize=1&order=desc&sort=reputation&site=stackoverflow
2018-09-24 09:36:14.127200 retrieve_single_user - Request sent at: https://api.stackexchange.com/2.2/users/1944?page=1&pagesize=1&order=desc&sort=reputation&site=stackoverflow
2018-09-24 09:36:14.609236 retrieve_single_user - Request sent at: https://api.stackexchange.com/2.2/users/1693?page=1&pagesize=1&order=desc&sort=reputation&site=stackoverflow
2018-09-24 09:36:15.100253 retrieve_single_user - Request sent at: https://api.stackexchange.com/2.2/users/1265?page=1&pagesize=1&order=desc&sort=reputation&site=stackoverflow
2018-09-24 09:36:15.638524 retrieve_single_user - Request sent at: https://api.stackexchange.com/2.2/users/2567?page=1&pagesize=1&order=desc&sort=reputation&site=stackoverflow
2018-09-24 09:36:16.602174 retrieve_single_user - Request sent at: https://api.stackexchange.com/2.2/users/2462?page=1&pagesize=1&order=desc&sort=reputation&site=stackoverflow
2018-09-24 09:36:29.886362 retrieve_n_questions - Request sent at: https://api.stackexchange.com/2.2/questions?tagged=postgres&filter=withbody&page=1&pagesize=10&order=asc&sort=creation&site=stackoverflow
2018-09-24 09:36:30.428127 retrieve_single_user - Request sent at: https://api.stackexchange.com/2.2/users/1384652?page=1&pagesize=1&order=desc&sort=reputation&site=stackoverflow
2018-09-24 09:36:30.941213 retrieve_single_user - Request sent at: https://api.stackexchange.com/2.2/users/246?page=1&pagesize=1&order=desc&sort=reputation&site=stackoverflow
2018-09-24 09:36:31.466698 retrieve_single_user - Request sent at: https://api.stackexchange.com/2.2/users/116?page=1&pagesize=1&order=desc&sort=reputation&site=stackoverflow
2018-09-24 09:36:32.023843 retrieve_single_user - Request sent at: https://api.stackexchange.com/2.2/users/277?page=1&pagesize=1&order=desc&sort=reputation&site=stackoverflow
2018-09-24 09:36:32.537846 retrieve_single_user - Request sent at: https://api.stackexchange.com/2.2/users/305?page=1&pagesize=1&order=desc&sort=reputation&site=stackoverflow
2018-09-24 09:36:33.040863 retrieve_single_user - Request sent at: https://api.stackexchange.com/2.2/users/1944?page=1&pagesize=1&order=desc&sort=reputation&site=stackoverflow
2018-09-24 09:36:33.567179 retrieve_single_user - Request sent at: https://api.stackexchange.com/2.2/users/1693?page=1&pagesize=1&order=desc&sort=reputation&site=stackoverflow
2018-09-24 09:36:34.069163 retrieve_single_user - Request sent at: https://api.stackexchange.com/2.2/users/1265?page=1&pagesize=1&order=desc&sort=reputation&site=stackoverflow
2018-09-24 09:36:34.617331 retrieve_single_user - Request sent at: https://api.stackexchange.com/2.2/users/2567?page=1&pagesize=1&order=desc&sort=reputation&site=stackoverflow
2018-09-24 09:36:35.133203 retrieve_single_user - Request sent at: https://api.stackexchange.com/2.2/users/2462?page=1&pagesize=1&order=desc&sort=reputation&site=stackoverflow
2018-09-24 09:37:09.918645 retrieve_n_questions - Request sent at: https://api.stackexchange.com/2.2/questions?tagged=postgres&filter=withbody&page=1&pagesize=10&order=asc&sort=creation&site=stackoverflow
2018-09-24 09:37:10.430321 retrieve_single_user - Request sent at: https://api.stackexchange.com/2.2/users/1384652?page=1&pagesize=1&order=desc&sort=reputation&site=stackoverflow
2018-09-24 09:37:10.909027 retrieve_single_user - Request sent at: https://api.stackexchange.com/2.2/users/246?page=1&pagesize=1&order=desc&sort=reputation&site=stackoverflow
2018-09-24 09:37:11.370278 retrieve_single_user - Request sent at: https://api.stackexchange.com/2.2/users/116?page=1&pagesize=1&order=desc&sort=reputation&site=stackoverflow
2018-09-24 09:37:11.873481 retrieve_single_user - Request sent at: https://api.stackexchange.com/2.2/users/277?page=1&pagesize=1&order=desc&sort=reputation&site=stackoverflow
2018-09-24 09:37:12.339533 retrieve_single_user - Request sent at: https://api.stackexchange.com/2.2/users/305?page=1&pagesize=1&order=desc&sort=reputation&site=stackoverflow
2018-09-24 09:37:12.810066 retrieve_single_user - Request sent at: https://api.stackexchange.com/2.2/users/1944?page=1&pagesize=1&order=desc&sort=reputation&site=stackoverflow
2018-09-24 09:37:13.345534 retrieve_single_user - Request sent at: https://api.stackexchange.com/2.2/users/1693?page=1&pagesize=1&order=desc&sort=reputation&site=stackoverflow
2018-09-24 09:37:13.824383 retrieve_single_user - Request sent at: https://api.stackexchange.com/2.2/users/1265?page=1&pagesize=1&order=desc&sort=reputation&site=stackoverflow
2018-09-24 09:37:14.322436 retrieve_single_user - Request sent at: https://api.stackexchange.com/2.2/users/2567?page=1&pagesize=1&order=desc&sort=reputation&site=stackoverflow
2018-09-24 09:37:14.795720 retrieve_single_user - Request sent at: https://api.stackexchange.com/2.2/users/2462?page=1&pagesize=1&order=desc&sort=reputation&site=stackoverflow
2018-09-24 09:37:37.521747 retrieve_n_questions - Request sent at: https://api.stackexchange.com/2.2/questions?tagged=postgres&filter=withbody&page=1&pagesize=10&order=asc&sort=creation&site=stackoverflow
2018-09-24 09:37:38.030248 retrieve_single_user - Request sent at: https://api.stackexchange.com/2.2/users/1384652?page=1&pagesize=1&order=desc&sort=reputation&site=stackoverflow
2018-09-24 09:37:38.500188 retrieve_single_user - Request sent at: https://api.stackexchange.com/2.2/users/246?page=1&pagesize=1&order=desc&sort=reputation&site=stackoverflow
2018-09-24 09:37:38.968420 retrieve_single_user - Request sent at: https://api.stackexchange.com/2.2/users/116?page=1&pagesize=1&order=desc&sort=reputation&site=stackoverflow
2018-09-24 09:37:39.461925 retrieve_single_user - Request sent at: https://api.stackexchange.com/2.2/users/277?page=1&pagesize=1&order=desc&sort=reputation&site=stackoverflow
2018-09-24 09:37:39.955018 retrieve_single_user - Request sent at: https://api.stackexchange.com/2.2/users/305?page=1&pagesize=1&order=desc&sort=reputation&site=stackoverflow
2018-09-24 09:37:40.421668 retrieve_single_user - Request sent at: https://api.stackexchange.com/2.2/users/1944?page=1&pagesize=1&order=desc&sort=reputation&site=stackoverflow
2018-09-24 09:37:40.887528 retrieve_single_user - Request sent at: https://api.stackexchange.com/2.2/users/1693?page=1&pagesize=1&order=desc&sort=reputation&site=stackoverflow
2018-09-24 09:37:41.356172 retrieve_single_user - Request sent at: https://api.stackexchange.com/2.2/users/1265?page=1&pagesize=1&order=desc&sort=reputation&site=stackoverflow
2018-09-24 09:37:41.845837 retrieve_single_user - Request sent at: https://api.stackexchange.com/2.2/users/2567?page=1&pagesize=1&order=desc&sort=reputation&site=stackoverflow
2018-09-24 09:37:42.328273 retrieve_single_user - Request sent at: https://api.stackexchange.com/2.2/users/2462?page=1&pagesize=1&order=desc&sort=reputation&site=stackoverflow
2018-09-24 09:37:57.852323 retrieve_n_questions - Request sent at: https://api.stackexchange.com/2.2/questions?tagged=postgres&filter=withbody&page=1&pagesize=10&order=asc&sort=creation&site=stackoverflow
2018-09-24 09:37:58.344456 retrieve_single_user - Request sent at: https://api.stackexchange.com/2.2/users/1384652?page=1&pagesize=1&order=desc&sort=reputation&site=stackoverflow
2018-09-24 09:37:58.825062 retrieve_single_user - Request sent at: https://api.stackexchange.com/2.2/users/246?page=1&pagesize=1&order=desc&sort=reputation&site=stackoverflow
2018-09-24 09:37:59.286320 retrieve_single_user - Request sent at: https://api.stackexchange.com/2.2/users/116?page=1&pagesize=1&order=desc&sort=reputation&site=stackoverflow
2018-09-24 09:37:59.750743 retrieve_single_user - Request sent at: https://api.stackexchange.com/2.2/users/277?page=1&pagesize=1&order=desc&sort=reputation&site=stackoverflow
2018-09-24 09:38:00.213379 retrieve_single_user - Request sent at: https://api.stackexchange.com/2.2/users/305?page=1&pagesize=1&order=desc&sort=reputation&site=stackoverflow
2018-09-24 09:38:00.676983 retrieve_single_user - Request sent at: https://api.stackexchange.com/2.2/users/1944?page=1&pagesize=1&order=desc&sort=reputation&site=stackoverflow
2018-09-24 09:38:01.147137 retrieve_single_user - Request sent at: https://api.stackexchange.com/2.2/users/1693?page=1&pagesize=1&order=desc&sort=reputation&site=stackoverflow
2018-09-24 09:38:01.938615 retrieve_single_user - Request sent at: https://api.stackexchange.com/2.2/users/1265?page=1&pagesize=1&order=desc&sort=reputation&site=stackoverflow
2018-09-24 09:38:02.408819 retrieve_single_user - Request sent at: https://api.stackexchange.com/2.2/users/2567?page=1&pagesize=1&order=desc&sort=reputation&site=stackoverflow
2018-09-24 09:38:02.875942 retrieve_single_user - Request sent at: https://api.stackexchange.com/2.2/users/2462?page=1&pagesize=1&order=desc&sort=reputation&site=stackoverflow
2018-09-24 09:38:19.113623 retrieve_n_questions - Request sent at: https://api.stackexchange.com/2.2/questions?tagged=postgres&filter=withbody&page=1&pagesize=10&order=asc&sort=creation&site=stackoverflow
2018-09-24 09:38:19.662206 retrieve_single_user - Request sent at: https://api.stackexchange.com/2.2/users/1384652?page=1&pagesize=1&order=desc&sort=reputation&site=stackoverflow
2018-09-24 09:38:20.181731 retrieve_single_user - Request sent at: https://api.stackexchange.com/2.2/users/246?page=1&pagesize=1&order=desc&sort=reputation&site=stackoverflow
2018-09-24 09:38:20.670449 retrieve_single_user - Request sent at: https://api.stackexchange.com/2.2/users/116?page=1&pagesize=1&order=desc&sort=reputation&site=stackoverflow
2018-09-24 09:38:21.139664 retrieve_single_user - Request sent at: https://api.stackexchange.com/2.2/users/277?page=1&pagesize=1&order=desc&sort=reputation&site=stackoverflow
2018-09-24 09:38:21.656612 retrieve_single_user - Request sent at: https://api.stackexchange.com/2.2/users/305?page=1&pagesize=1&order=desc&sort=reputation&site=stackoverflow
2018-09-24 09:38:22.160987 retrieve_single_user - Request sent at: https://api.stackexchange.com/2.2/users/1944?page=1&pagesize=1&order=desc&sort=reputation&site=stackoverflow
2018-09-24 09:38:22.665931 retrieve_single_user - Request sent at: https://api.stackexchange.com/2.2/users/1693?page=1&pagesize=1&order=desc&sort=reputation&site=stackoverflow
2018-09-24 09:38:23.189280 retrieve_single_user - Request sent at: https://api.stackexchange.com/2.2/users/1265?page=1&pagesize=1&order=desc&sort=reputation&site=stackoverflow
2018-09-24 09:38:23.729942 retrieve_single_user - Request sent at: https://api.stackexchange.com/2.2/users/2567?page=1&pagesize=1&order=desc&sort=reputation&site=stackoverflow
2018-09-24 09:38:24.268892 retrieve_single_user - Request sent at: https://api.stackexchange.com/2.2/users/2462?page=1&pagesize=1&order=desc&sort=reputation&site=stackoverflow
2018-09-24 09:43:49.090206 retrieve_n_questions - Request sent at: https://api.stackexchange.com/2.2/questions?tagged=postgres&filter=withbody&page=1&pagesize=10&order=asc&sort=creation&site=stackoverflow
2018-09-24 09:43:49.701285 retrieve_single_user - Request sent at: https://api.stackexchange.com/2.2/users/1384652?page=1&pagesize=1&order=desc&sort=reputation&site=stackoverflow
2018-09-24 09:43:50.348842 retrieve_single_user - Request sent at: https://api.stackexchange.com/2.2/users/246?page=1&pagesize=1&order=desc&sort=reputation&site=stackoverflow
2018-09-24 09:43:50.998071 retrieve_single_user - Request sent at: https://api.stackexchange.com/2.2/users/116?page=1&pagesize=1&order=desc&sort=reputation&site=stackoverflow
2018-09-24 09:43:51.647268 retrieve_single_user - Request sent at: https://api.stackexchange.com/2.2/users/277?page=1&pagesize=1&order=desc&sort=reputation&site=stackoverflow
2018-09-24 09:43:52.294087 retrieve_single_user - Request sent at: https://api.stackexchange.com/2.2/users/305?page=1&pagesize=1&order=desc&sort=reputation&site=stackoverflow
2018-09-24 09:43:52.942241 retrieve_single_user - Request sent at: https://api.stackexchange.com/2.2/users/1944?page=1&pagesize=1&order=desc&sort=reputation&site=stackoverflow
2018-09-24 09:43:53.589349 retrieve_single_user - Request sent at: https://api.stackexchange.com/2.2/users/1693?page=1&pagesize=1&order=desc&sort=reputation&site=stackoverflow
2018-09-24 09:43:54.238239 retrieve_single_user - Request sent at: https://api.stackexchange.com/2.2/users/1265?page=1&pagesize=1&order=desc&sort=reputation&site=stackoverflow
2018-09-24 09:43:54.889264 retrieve_single_user - Request sent at: https://api.stackexchange.com/2.2/users/2567?page=1&pagesize=1&order=desc&sort=reputation&site=stackoverflow
2018-09-24 09:43:55.534505 retrieve_single_user - Request sent at: https://api.stackexchange.com/2.2/users/2462?page=1&pagesize=1&order=desc&sort=reputation&site=stackoverflow
2018-09-24 09:43:56.182188 retrieve_single_user - Request sent at: https://api.stackexchange.com/2.2/questions/766/answers?order=desc&sort=activity&site=stackoverflow
2018-09-24 09:43:56.743307 retrieve_single_user - Request sent at: https://api.stackexchange.com/2.2/questions/935/answers?order=desc&sort=activity&site=stackoverflow
2018-09-24 09:43:57.210091 retrieve_single_user - Request sent at: https://api.stackexchange.com/2.2/questions/1970/answers?order=desc&sort=activity&site=stackoverflow
2018-09-24 09:43:57.686366 retrieve_single_user - Request sent at: https://api.stackexchange.com/2.2/questions/8894/answers?order=desc&sort=activity&site=stackoverflow
2018-09-24 09:43:58.151099 retrieve_single_user - Request sent at: https://api.stackexchange.com/2.2/questions/10532/answers?order=desc&sort=activity&site=stackoverflow
2018-09-24 09:43:58.629364 retrieve_single_user - Request sent at: https://api.stackexchange.com/2.2/questions/16568/answers?order=desc&sort=activity&site=stackoverflow
2018-09-24 09:43:59.097375 retrieve_single_user - Request sent at: https://api.stackexchange.com/2.2/questions/17717/answers?order=desc&sort=activity&site=stackoverflow
2018-09-24 09:43:59.561061 retrieve_single_user - Request sent at: https://api.stackexchange.com/2.2/questions/21830/answers?order=desc&sort=activity&site=stackoverflow
2018-09-24 09:44:00.020958 retrieve_single_user - Request sent at: https://api.stackexchange.com/2.2/questions/23770/answers?order=desc&sort=activity&site=stackoverflow
2018-09-24 09:44:00.480963 retrieve_single_user - Request sent at: https://api.stackexchange.com/2.2/questions/25224/answers?order=desc&sort=activity&site=stackoverflow
2018-09-24 11:05:26.786805 retrieve_n_questions - Request sent at: https://api.stackexchange.com/2.2/questions?tagged=postgres&filter=withbody&page=1&pagesize=10&order=asc&sort=creation&site=stackoverflow
2018-09-24 11:05:27.397410 retrieve_single_user - Request sent at: https://api.stackexchange.com/2.2/users/1384652?page=1&pagesize=1&order=desc&sort=reputation&site=stackoverflow
2018-09-24 11:05:27.966287 retrieve_single_user - Request sent at: https://api.stackexchange.com/2.2/questions/766/answers?order=desc&sort=activity&site=stackoverflow
2018-09-24 11:05:28.611068 retrieve_single_user - Request sent at: https://api.stackexchange.com/2.2/users/246?page=1&pagesize=1&order=desc&sort=reputation&site=stackoverflow
2018-09-24 11:05:29.295038 retrieve_single_user - Request sent at: https://api.stackexchange.com/2.2/questions/935/answers?order=desc&sort=activity&site=stackoverflow
2018-09-24 11:05:29.942791 retrieve_single_user - Request sent at: https://api.stackexchange.com/2.2/users/116?page=1&pagesize=1&order=desc&sort=reputation&site=stackoverflow
2018-09-24 11:05:30.506863 retrieve_single_user - Request sent at: https://api.stackexchange.com/2.2/questions/1970/answers?order=desc&sort=activity&site=stackoverflow
2018-09-24 11:05:30.976182 retrieve_single_user - Request sent at: https://api.stackexchange.com/2.2/users/277?page=1&pagesize=1&order=desc&sort=reputation&site=stackoverflow
2018-09-24 11:05:31.445669 retrieve_single_user - Request sent at: https://api.stackexchange.com/2.2/questions/8894/answers?order=desc&sort=activity&site=stackoverflow
2018-09-24 11:05:31.918244 retrieve_single_user - Request sent at: https://api.stackexchange.com/2.2/users/305?page=1&pagesize=1&order=desc&sort=reputation&site=stackoverflow
2018-09-24 11:05:32.391248 retrieve_single_user - Request sent at: https://api.stackexchange.com/2.2/questions/10532/answers?order=desc&sort=activity&site=stackoverflow
2018-09-24 11:05:32.871808 retrieve_single_user - Request sent at: https://api.stackexchange.com/2.2/users/1944?page=1&pagesize=1&order=desc&sort=reputation&site=stackoverflow
2018-09-24 11:05:33.357200 retrieve_single_user - Request sent at: https://api.stackexchange.com/2.2/questions/16568/answers?order=desc&sort=activity&site=stackoverflow
2018-09-24 11:05:33.818756 retrieve_single_user - Request sent at: https://api.stackexchange.com/2.2/users/1693?page=1&pagesize=1&order=desc&sort=reputation&site=stackoverflow
2018-09-24 11:05:34.296059 retrieve_single_user - Request sent at: https://api.stackexchange.com/2.2/questions/17717/answers?order=desc&sort=activity&site=stackoverflow
2018-09-24 11:05:34.762826 retrieve_single_user - Request sent at: https://api.stackexchange.com/2.2/users/1265?page=1&pagesize=1&order=desc&sort=reputation&site=stackoverflow
2018-09-24 11:05:35.235834 retrieve_single_user - Request sent at: https://api.stackexchange.com/2.2/questions/21830/answers?order=desc&sort=activity&site=stackoverflow
2018-09-24 11:05:35.703983 retrieve_single_user - Request sent at: https://api.stackexchange.com/2.2/users/2567?page=1&pagesize=1&order=desc&sort=reputation&site=stackoverflow
2018-09-24 11:05:36.200891 retrieve_single_user - Request sent at: https://api.stackexchange.com/2.2/questions/23770/answers?order=desc&sort=activity&site=stackoverflow
2018-09-24 11:05:36.661332 retrieve_single_user - Request sent at: https://api.stackexchange.com/2.2/users/2462?page=1&pagesize=1&order=desc&sort=reputation&site=stackoverflow
2018-09-24 11:05:37.127970 retrieve_single_user - Request sent at: https://api.stackexchange.com/2.2/questions/25224/answers?order=desc&sort=activity&site=stackoverflow
2018-09-24 11:05:37.675384 retrieve_single_user - Request sent at: https://api.stackexchange.com/2.2/posts/766/comments?order=desc&sort=creation&site=stackoverflow
2018-09-24 11:05:38.146068 retrieve_single_user - Request sent at: https://api.stackexchange.com/2.2/posts/935/comments?order=desc&sort=creation&site=stackoverflow
2018-09-24 11:05:38.617871 retrieve_single_user - Request sent at: https://api.stackexchange.com/2.2/posts/1970/comments?order=desc&sort=creation&site=stackoverflow
2018-09-24 11:05:39.086284 retrieve_single_user - Request sent at: https://api.stackexchange.com/2.2/posts/8894/comments?order=desc&sort=creation&site=stackoverflow
2018-09-24 11:05:39.564048 retrieve_single_user - Request sent at: https://api.stackexchange.com/2.2/posts/10532/comments?order=desc&sort=creation&site=stackoverflow
2018-09-24 11:05:40.032147 retrieve_single_user - Request sent at: https://api.stackexchange.com/2.2/posts/16568/comments?order=desc&sort=creation&site=stackoverflow
2018-09-24 11:05:40.497755 retrieve_single_user - Request sent at: https://api.stackexchange.com/2.2/posts/17717/comments?order=desc&sort=creation&site=stackoverflow
2018-09-24 11:05:40.967167 retrieve_single_user - Request sent at: https://api.stackexchange.com/2.2/posts/21830/comments?order=desc&sort=creation&site=stackoverflow
2018-09-24 11:05:41.441562 retrieve_single_user - Request sent at: https://api.stackexchange.com/2.2/posts/23770/comments?order=desc&sort=creation&site=stackoverflow
2018-09-24 11:05:41.908466 retrieve_single_user - Request sent at: https://api.stackexchange.com/2.2/posts/25224/comments?order=desc&sort=creation&site=stackoverflow
2018-09-24 11:05:42.375467 retrieve_single_user - Request sent at: https://api.stackexchange.com/2.2/posts/33058407/comments?order=desc&sort=creation&site=stackoverflow
2018-09-24 11:05:42.868511 retrieve_single_user - Request sent at: https://api.stackexchange.com/2.2/posts/4813530/comments?order=desc&sort=creation&site=stackoverflow
2018-09-24 11:05:43.327339 retrieve_single_user - Request sent at: https://api.stackexchange.com/2.2/posts/8332/comments?order=desc&sort=creation&site=stackoverflow
2018-09-24 11:05:43.790578 retrieve_single_user - Request sent at: https://api.stackexchange.com/2.2/posts/1619/comments?order=desc&sort=creation&site=stackoverflow
2018-09-24 11:05:44.267547 retrieve_single_user - Request sent at: https://api.stackexchange.com/2.2/posts/802/comments?order=desc&sort=creation&site=stackoverflow
2018-09-24 11:05:44.736502 retrieve_single_user - Request sent at: https://api.stackexchange.com/2.2/posts/777/comments?order=desc&sort=creation&site=stackoverflow
2018-09-24 11:05:45.208437 retrieve_single_user - Request sent at: https://api.stackexchange.com/2.2/posts/938/comments?order=desc&sort=creation&site=stackoverflow
2018-09-24 11:05:45.681348 retrieve_single_user - Request sent at: https://api.stackexchange.com/2.2/posts/2277307/comments?order=desc&sort=creation&site=stackoverflow
2018-09-24 11:05:46.155137 retrieve_single_user - Request sent at: https://api.stackexchange.com/2.2/posts/104780/comments?order=desc&sort=creation&site=stackoverflow
2018-09-24 11:05:46.625903 retrieve_single_user - Request sent at: https://api.stackexchange.com/2.2/posts/72132/comments?order=desc&sort=creation&site=stackoverflow
2018-09-24 11:05:47.100855 retrieve_single_user - Request sent at: https://api.stackexchange.com/2.2/posts/943/comments?order=desc&sort=creation&site=stackoverflow
2018-09-24 11:05:47.572220 retrieve_single_user - Request sent at: https://api.stackexchange.com/2.2/posts/50639079/comments?order=desc&sort=creation&site=stackoverflow
2018-09-24 11:05:48.047930 retrieve_single_user - Request sent at: https://api.stackexchange.com/2.2/posts/3454/comments?order=desc&sort=creation&site=stackoverflow
2018-09-24 11:05:48.523370 retrieve_single_user - Request sent at: https://api.stackexchange.com/2.2/posts/59345/comments?order=desc&sort=creation&site=stackoverflow
2018-09-24 11:05:48.994641 retrieve_single_user - Request sent at: https://api.stackexchange.com/2.2/posts/1382419/comments?order=desc&sort=creation&site=stackoverflow
2018-09-24 11:05:49.463439 retrieve_single_user - Request sent at: https://api.stackexchange.com/2.2/posts/113350/comments?order=desc&sort=creation&site=stackoverflow
2018-09-24 11:05:49.925507 retrieve_single_user - Request sent at: https://api.stackexchange.com/2.2/posts/93293/comments?order=desc&sort=creation&site=stackoverflow
2018-09-24 11:05:50.384163 retrieve_single_user - Request sent at: https://api.stackexchange.com/2.2/posts/77666/comments?order=desc&sort=creation&site=stackoverflow
2018-09-24 11:05:50.855718 retrieve_single_user - Request sent at: https://api.stackexchange.com/2.2/posts/69641/comments?order=desc&sort=creation&site=stackoverflow
2018-09-24 11:05:51.321388 retrieve_single_user - Request sent at: https://api.stackexchange.com/2.2/posts/1971/comments?order=desc&sort=creation&site=stackoverflow
2018-09-24 11:05:51.810769 retrieve_single_user - Request sent at: https://api.stackexchange.com/2.2/posts/10140/comments?order=desc&sort=creation&site=stackoverflow
2018-09-24 11:05:52.282885 retrieve_single_user - Request sent at: https://api.stackexchange.com/2.2/posts/107169/comments?order=desc&sort=creation&site=stackoverflow
2018-09-24 11:05:52.762123 retrieve_single_user - Request sent at: https://api.stackexchange.com/2.2/posts/10700/comments?order=desc&sort=creation&site=stackoverflow
2018-09-24 11:05:53.260409 retrieve_single_user - Request sent at: https://api.stackexchange.com/2.2/posts/10689/comments?order=desc&sort=creation&site=stackoverflow
2018-09-24 11:05:53.731537 retrieve_single_user - Request sent at: https://api.stackexchange.com/2.2/posts/10675/comments?order=desc&sort=creation&site=stackoverflow
2018-09-24 11:05:54.196457 retrieve_single_user - Request sent at: https://api.stackexchange.com/2.2/posts/10544/comments?order=desc&sort=creation&site=stackoverflow
2018-09-24 11:05:54.659575 retrieve_single_user - Request sent at: https://api.stackexchange.com/2.2/posts/10542/comments?order=desc&sort=creation&site=stackoverflow
2018-09-24 11:05:55.121891 retrieve_single_user - Request sent at: https://api.stackexchange.com/2.2/posts/50954231/comments?order=desc&sort=creation&site=stackoverflow
2018-09-24 11:05:55.588525 retrieve_single_user - Request sent at: https://api.stackexchange.com/2.2/posts/48622884/comments?order=desc&sort=creation&site=stackoverflow
2018-09-24 11:05:56.058708 retrieve_single_user - Request sent at: https://api.stackexchange.com/2.2/posts/42765/comments?order=desc&sort=creation&site=stackoverflow
2018-09-24 11:05:56.529959 retrieve_single_user - Request sent at: https://api.stackexchange.com/2.2/posts/45137397/comments?order=desc&sort=creation&site=stackoverflow
2018-09-24 11:05:56.998675 retrieve_single_user - Request sent at: https://api.stackexchange.com/2.2/posts/44336943/comments?order=desc&sort=creation&site=stackoverflow
2018-09-24 11:05:57.474021 retrieve_single_user - Request sent at: https://api.stackexchange.com/2.2/posts/1104447/comments?order=desc&sort=creation&site=stackoverflow
2018-09-24 11:05:58.391018 retrieve_single_user - Request sent at: https://api.stackexchange.com/2.2/posts/16606/comments?order=desc&sort=creation&site=stackoverflow
2018-09-24 11:05:58.895012 retrieve_single_user - Request sent at: https://api.stackexchange.com/2.2/posts/28210751/comments?order=desc&sort=creation&site=stackoverflow
2018-09-24 11:05:59.368944 retrieve_single_user - Request sent at: https://api.stackexchange.com/2.2/posts/40680413/comments?order=desc&sort=creation&site=stackoverflow
2018-09-24 11:05:59.842946 retrieve_single_user - Request sent at: https://api.stackexchange.com/2.2/posts/32888597/comments?order=desc&sort=creation&site=stackoverflow
2018-09-24 11:06:00.316203 retrieve_single_user - Request sent at: https://api.stackexchange.com/2.2/posts/26402677/comments?order=desc&sort=creation&site=stackoverflow
2018-09-24 11:06:00.790032 retrieve_single_user - Request sent at: https://api.stackexchange.com/2.2/posts/21870925/comments?order=desc&sort=creation&site=stackoverflow
2018-09-24 11:06:01.254325 retrieve_single_user - Request sent at: https://api.stackexchange.com/2.2/posts/16780/comments?order=desc&sort=creation&site=stackoverflow
2018-09-24 11:06:01.740621 retrieve_single_user - Request sent at: https://api.stackexchange.com/2.2/posts/10633023/comments?order=desc&sort=creation&site=stackoverflow
2018-09-24 11:06:02.231461 retrieve_single_user - Request sent at: https://api.stackexchange.com/2.2/posts/965955/comments?order=desc&sort=creation&site=stackoverflow
2018-09-24 11:06:02.734205 retrieve_single_user - Request sent at: https://api.stackexchange.com/2.2/posts/618857/comments?order=desc&sort=creation&site=stackoverflow
2018-09-24 11:06:03.200997 retrieve_single_user - Request sent at: https://api.stackexchange.com/2.2/posts/16608/comments?order=desc&sort=creation&site=stackoverflow
2018-09-24 11:06:03.666290 retrieve_single_user - Request sent at: https://api.stackexchange.com/2.2/posts/8677680/comments?order=desc&sort=creation&site=stackoverflow
2018-09-24 11:06:04.197843 retrieve_single_user - Request sent at: https://api.stackexchange.com/2.2/posts/4228433/comments?order=desc&sort=creation&site=stackoverflow
2018-09-24 11:06:04.707300 retrieve_single_user - Request sent at: https://api.stackexchange.com/2.2/posts/16777/comments?order=desc&sort=creation&site=stackoverflow
2018-09-24 11:06:05.184494 retrieve_single_user - Request sent at: https://api.stackexchange.com/2.2/posts/1028336/comments?order=desc&sort=creation&site=stackoverflow
2018-09-24 11:06:05.642897 retrieve_single_user - Request sent at: https://api.stackexchange.com/2.2/posts/16753/comments?order=desc&sort=creation&site=stackoverflow
2018-09-24 11:06:06.111547 retrieve_single_user - Request sent at: https://api.stackexchange.com/2.2/posts/16752/comments?order=desc&sort=creation&site=stackoverflow
2018-09-24 11:06:06.577582 retrieve_single_user - Request sent at: https://api.stackexchange.com/2.2/posts/16735/comments?order=desc&sort=creation&site=stackoverflow
2018-09-24 11:06:07.052263 retrieve_single_user - Request sent at: https://api.stackexchange.com/2.2/posts/16602/comments?order=desc&sort=creation&site=stackoverflow
2018-09-24 11:06:07.527645 retrieve_single_user - Request sent at: https://api.stackexchange.com/2.2/posts/16587/comments?order=desc&sort=creation&site=stackoverflow
2018-09-24 11:06:08.005334 retrieve_single_user - Request sent at: https://api.stackexchange.com/2.2/posts/16584/comments?order=desc&sort=creation&site=stackoverflow
2018-09-24 11:06:08.470033 retrieve_single_user - Request sent at: https://api.stackexchange.com/2.2/posts/16582/comments?order=desc&sort=creation&site=stackoverflow
2018-09-24 11:06:08.944098 retrieve_single_user - Request sent at: https://api.stackexchange.com/2.2/posts/16570/comments?order=desc&sort=creation&site=stackoverflow
2018-09-24 11:06:09.416596 retrieve_single_user - Request sent at: https://api.stackexchange.com/2.2/posts/85803/comments?order=desc&sort=creation&site=stackoverflow
2018-09-24 11:06:09.884444 retrieve_single_user - Request sent at: https://api.stackexchange.com/2.2/posts/74931/comments?order=desc&sort=creation&site=stackoverflow
2018-09-24 11:06:10.357475 retrieve_single_user - Request sent at: https://api.stackexchange.com/2.2/posts/20195/comments?order=desc&sort=creation&site=stackoverflow
2018-09-24 11:06:10.830202 retrieve_single_user - Request sent at: https://api.stackexchange.com/2.2/posts/26398/comments?order=desc&sort=creation&site=stackoverflow
2018-09-24 11:06:11.301428 retrieve_single_user - Request sent at: https://api.stackexchange.com/2.2/posts/71915/comments?order=desc&sort=creation&site=stackoverflow
2018-09-24 11:06:11.772703 retrieve_single_user - Request sent at: https://api.stackexchange.com/2.2/posts/65393/comments?order=desc&sort=creation&site=stackoverflow
2018-09-24 11:06:12.240643 retrieve_single_user - Request sent at: https://api.stackexchange.com/2.2/posts/65259/comments?order=desc&sort=creation&site=stackoverflow
2018-09-24 11:06:12.710628 retrieve_single_user - Request sent at: https://api.stackexchange.com/2.2/posts/23825/comments?order=desc&sort=creation&site=stackoverflow
2018-09-24 11:06:13.174660 retrieve_single_user - Request sent at: https://api.stackexchange.com/2.2/posts/23780/comments?order=desc&sort=creation&site=stackoverflow
2018-09-24 11:06:13.645338 retrieve_single_user - Request sent at: https://api.stackexchange.com/2.2/posts/23777/comments?order=desc&sort=creation&site=stackoverflow
2018-09-24 11:06:14.118744 retrieve_single_user - Request sent at: https://api.stackexchange.com/2.2/posts/30312/comments?order=desc&sort=creation&site=stackoverflow
2018-09-24 11:06:14.579991 retrieve_single_user - Request sent at: https://api.stackexchange.com/2.2/posts/27159/comments?order=desc&sort=creation&site=stackoverflow
2018-09-24 11:06:15.045648 retrieve_single_user - Request sent at: https://api.stackexchange.com/2.2/posts/25248/comments?order=desc&sort=creation&site=stackoverflow
2018-09-24 11:07:56.805445 retrieve_n_questions - Request sent at: https://api.stackexchange.com/2.2/questions?tagged=postgres&filter=withbody&page=1&pagesize=10&order=asc&sort=creation&site=stackoverflow
2018-09-24 11:07:57.314330 retrieve_single_user - Request sent at: https://api.stackexchange.com/2.2/users/1384652?page=1&pagesize=1&order=desc&sort=reputation&site=stackoverflow
2018-09-24 11:07:57.793755 retrieve_single_user - Request sent at: https://api.stackexchange.com/2.2/questions/766/answers?order=desc&sort=activity&site=stackoverflow
2018-09-24 11:07:58.259817 retrieve_single_user - Request sent at: https://api.stackexchange.com/2.2/users/246?page=1&pagesize=1&order=desc&sort=reputation&site=stackoverflow
2018-09-24 11:07:58.731125 retrieve_single_user - Request sent at: https://api.stackexchange.com/2.2/questions/935/answers?order=desc&sort=activity&site=stackoverflow
2018-09-24 11:07:59.569007 retrieve_single_user - Request sent at: https://api.stackexchange.com/2.2/users/116?page=1&pagesize=1&order=desc&sort=reputation&site=stackoverflow
2018-09-24 11:08:00.044486 retrieve_single_user - Request sent at: https://api.stackexchange.com/2.2/questions/1970/answers?order=desc&sort=activity&site=stackoverflow
2018-09-24 11:08:00.515255 retrieve_single_user - Request sent at: https://api.stackexchange.com/2.2/users/277?page=1&pagesize=1&order=desc&sort=reputation&site=stackoverflow
2018-09-24 11:08:00.980643 retrieve_single_user - Request sent at: https://api.stackexchange.com/2.2/questions/8894/answers?order=desc&sort=activity&site=stackoverflow
2018-09-24 11:08:01.447696 retrieve_single_user - Request sent at: https://api.stackexchange.com/2.2/users/305?page=1&pagesize=1&order=desc&sort=reputation&site=stackoverflow
2018-09-24 11:08:01.916516 retrieve_single_user - Request sent at: https://api.stackexchange.com/2.2/questions/10532/answers?order=desc&sort=activity&site=stackoverflow
2018-09-24 11:08:02.404679 retrieve_single_user - Request sent at: https://api.stackexchange.com/2.2/users/1944?page=1&pagesize=1&order=desc&sort=reputation&site=stackoverflow
2018-09-24 11:08:02.874369 retrieve_single_user - Request sent at: https://api.stackexchange.com/2.2/questions/16568/answers?order=desc&sort=activity&site=stackoverflow
2018-09-24 11:08:03.431270 retrieve_single_user - Request sent at: https://api.stackexchange.com/2.2/users/1693?page=1&pagesize=1&order=desc&sort=reputation&site=stackoverflow
2018-09-24 11:08:03.909458 retrieve_single_user - Request sent at: https://api.stackexchange.com/2.2/questions/17717/answers?order=desc&sort=activity&site=stackoverflow
2018-09-24 11:08:04.376683 retrieve_single_user - Request sent at: https://api.stackexchange.com/2.2/users/1265?page=1&pagesize=1&order=desc&sort=reputation&site=stackoverflow
2018-09-24 11:08:04.841286 retrieve_single_user - Request sent at: https://api.stackexchange.com/2.2/questions/21830/answers?order=desc&sort=activity&site=stackoverflow
2018-09-24 11:08:05.317453 retrieve_single_user - Request sent at: https://api.stackexchange.com/2.2/users/2567?page=1&pagesize=1&order=desc&sort=reputation&site=stackoverflow
2018-09-24 11:08:05.787935 retrieve_single_user - Request sent at: https://api.stackexchange.com/2.2/questions/23770/answers?order=desc&sort=activity&site=stackoverflow
2018-09-24 11:08:06.260054 retrieve_single_user - Request sent at: https://api.stackexchange.com/2.2/users/2462?page=1&pagesize=1&order=desc&sort=reputation&site=stackoverflow
2018-09-24 11:08:06.747485 retrieve_single_user - Request sent at: https://api.stackexchange.com/2.2/questions/25224/answers?order=desc&sort=activity&site=stackoverflow
2018-09-24 11:08:07.299505 retrieve_single_user - Request sent at: https://api.stackexchange.com/2.2/posts/766/comments?order=desc&sort=creation&site=stackoverflow
2018-09-24 11:08:07.784497 retrieve_single_user - Request sent at: https://api.stackexchange.com/2.2/posts/935/comments?order=desc&sort=creation&site=stackoverflow
2018-09-24 11:08:08.252599 retrieve_single_user - Request sent at: https://api.stackexchange.com/2.2/posts/1970/comments?order=desc&sort=creation&site=stackoverflow
2018-09-24 11:08:08.732919 retrieve_single_user - Request sent at: https://api.stackexchange.com/2.2/posts/8894/comments?order=desc&sort=creation&site=stackoverflow
2018-09-24 11:08:09.232733 retrieve_single_user - Request sent at: https://api.stackexchange.com/2.2/posts/10532/comments?order=desc&sort=creation&site=stackoverflow
2018-09-24 11:08:09.740168 retrieve_single_user - Request sent at: https://api.stackexchange.com/2.2/posts/16568/comments?order=desc&sort=creation&site=stackoverflow
2018-09-24 11:08:10.242891 retrieve_single_user - Request sent at: https://api.stackexchange.com/2.2/posts/17717/comments?order=desc&sort=creation&site=stackoverflow
2018-09-24 11:08:10.708128 retrieve_single_user - Request sent at: https://api.stackexchange.com/2.2/posts/21830/comments?order=desc&sort=creation&site=stackoverflow
2018-09-24 11:08:11.179531 retrieve_single_user - Request sent at: https://api.stackexchange.com/2.2/posts/23770/comments?order=desc&sort=creation&site=stackoverflow
2018-09-24 11:08:12.227891 retrieve_single_user - Request sent at: https://api.stackexchange.com/2.2/posts/25224/comments?order=desc&sort=creation&site=stackoverflow
2018-09-24 11:08:12.693278 retrieve_single_user - Request sent at: https://api.stackexchange.com/2.2/posts/33058407/comments?order=desc&sort=creation&site=stackoverflow
2018-09-24 11:08:13.157879 retrieve_single_user - Request sent at: https://api.stackexchange.com/2.2/posts/4813530/comments?order=desc&sort=creation&site=stackoverflow
2018-09-24 11:08:13.751803 retrieve_single_user - Request sent at: https://api.stackexchange.com/2.2/posts/8332/comments?order=desc&sort=creation&site=stackoverflow
2018-09-24 11:08:14.211896 retrieve_single_user - Request sent at: https://api.stackexchange.com/2.2/posts/1619/comments?order=desc&sort=creation&site=stackoverflow
2018-09-24 11:08:14.668922 retrieve_single_user - Request sent at: https://api.stackexchange.com/2.2/posts/802/comments?order=desc&sort=creation&site=stackoverflow
2018-09-24 11:08:15.132174 retrieve_single_user - Request sent at: https://api.stackexchange.com/2.2/posts/777/comments?order=desc&sort=creation&site=stackoverflow
2018-09-24 11:08:15.605620 retrieve_single_user - Request sent at: https://api.stackexchange.com/2.2/posts/938/comments?order=desc&sort=creation&site=stackoverflow
2018-09-24 11:08:16.077480 retrieve_single_user - Request sent at: https://api.stackexchange.com/2.2/posts/2277307/comments?order=desc&sort=creation&site=stackoverflow
2018-09-24 11:08:16.543437 retrieve_single_user - Request sent at: https://api.stackexchange.com/2.2/posts/104780/comments?order=desc&sort=creation&site=stackoverflow
2018-09-24 11:08:17.012759 retrieve_single_user - Request sent at: https://api.stackexchange.com/2.2/posts/72132/comments?order=desc&sort=creation&site=stackoverflow
2018-09-24 11:08:17.810266 retrieve_single_user - Request sent at: https://api.stackexchange.com/2.2/posts/943/comments?order=desc&sort=creation&site=stackoverflow
2018-09-24 11:08:18.280916 retrieve_single_user - Request sent at: https://api.stackexchange.com/2.2/posts/50639079/comments?order=desc&sort=creation&site=stackoverflow
2018-09-24 11:08:18.756475 retrieve_single_user - Request sent at: https://api.stackexchange.com/2.2/posts/3454/comments?order=desc&sort=creation&site=stackoverflow
2018-09-24 11:08:19.222216 retrieve_single_user - Request sent at: https://api.stackexchange.com/2.2/posts/59345/comments?order=desc&sort=creation&site=stackoverflow
2018-09-24 11:08:19.692968 retrieve_single_user - Request sent at: https://api.stackexchange.com/2.2/posts/1382419/comments?order=desc&sort=creation&site=stackoverflow
2018-09-24 11:08:20.157961 retrieve_single_user - Request sent at: https://api.stackexchange.com/2.2/posts/113350/comments?order=desc&sort=creation&site=stackoverflow
2018-09-24 11:08:20.976185 retrieve_single_user - Request sent at: https://api.stackexchange.com/2.2/posts/93293/comments?order=desc&sort=creation&site=stackoverflow
2018-09-24 11:08:21.441325 retrieve_single_user - Request sent at: https://api.stackexchange.com/2.2/posts/77666/comments?order=desc&sort=creation&site=stackoverflow
2018-09-24 11:08:21.905313 retrieve_single_user - Request sent at: https://api.stackexchange.com/2.2/posts/69641/comments?order=desc&sort=creation&site=stackoverflow
2018-09-24 11:08:22.374768 retrieve_single_user - Request sent at: https://api.stackexchange.com/2.2/posts/1971/comments?order=desc&sort=creation&site=stackoverflow
2018-09-24 11:08:22.842601 retrieve_single_user - Request sent at: https://api.stackexchange.com/2.2/posts/10140/comments?order=desc&sort=creation&site=stackoverflow
2018-09-24 11:08:23.302285 retrieve_single_user - Request sent at: https://api.stackexchange.com/2.2/posts/107169/comments?order=desc&sort=creation&site=stackoverflow
2018-09-24 11:08:23.759569 retrieve_single_user - Request sent at: https://api.stackexchange.com/2.2/posts/10700/comments?order=desc&sort=creation&site=stackoverflow
2018-09-24 11:08:24.215091 retrieve_single_user - Request sent at: https://api.stackexchange.com/2.2/posts/10689/comments?order=desc&sort=creation&site=stackoverflow
2018-09-24 11:08:24.676756 retrieve_single_user - Request sent at: https://api.stackexchange.com/2.2/posts/10675/comments?order=desc&sort=creation&site=stackoverflow
2018-09-24 11:08:25.138821 retrieve_single_user - Request sent at: https://api.stackexchange.com/2.2/posts/10544/comments?order=desc&sort=creation&site=stackoverflow
2018-09-24 11:08:25.600244 retrieve_single_user - Request sent at: https://api.stackexchange.com/2.2/posts/10542/comments?order=desc&sort=creation&site=stackoverflow
2018-09-24 11:08:26.063005 retrieve_single_user - Request sent at: https://api.stackexchange.com/2.2/posts/50954231/comments?order=desc&sort=creation&site=stackoverflow
2018-09-24 11:08:26.524296 retrieve_single_user - Request sent at: https://api.stackexchange.com/2.2/posts/48622884/comments?order=desc&sort=creation&site=stackoverflow
2018-09-24 11:08:26.986566 retrieve_single_user - Request sent at: https://api.stackexchange.com/2.2/posts/42765/comments?order=desc&sort=creation&site=stackoverflow
2018-09-24 11:08:27.452574 retrieve_single_user - Request sent at: https://api.stackexchange.com/2.2/posts/45137397/comments?order=desc&sort=creation&site=stackoverflow
2018-09-24 11:08:27.918742 retrieve_single_user - Request sent at: https://api.stackexchange.com/2.2/posts/44336943/comments?order=desc&sort=creation&site=stackoverflow
2018-09-24 11:08:28.381157 retrieve_single_user - Request sent at: https://api.stackexchange.com/2.2/posts/1104447/comments?order=desc&sort=creation&site=stackoverflow
2018-09-24 11:08:28.840992 retrieve_single_user - Request sent at: https://api.stackexchange.com/2.2/posts/16606/comments?order=desc&sort=creation&site=stackoverflow
2018-09-24 11:08:29.306823 retrieve_single_user - Request sent at: https://api.stackexchange.com/2.2/posts/28210751/comments?order=desc&sort=creation&site=stackoverflow
2018-09-24 11:08:29.764945 retrieve_single_user - Request sent at: https://api.stackexchange.com/2.2/posts/40680413/comments?order=desc&sort=creation&site=stackoverflow
2018-09-24 11:08:30.230175 retrieve_single_user - Request sent at: https://api.stackexchange.com/2.2/posts/32888597/comments?order=desc&sort=creation&site=stackoverflow
2018-09-24 11:08:30.708011 retrieve_single_user - Request sent at: https://api.stackexchange.com/2.2/posts/26402677/comments?order=desc&sort=creation&site=stackoverflow
2018-09-24 11:08:31.171124 retrieve_single_user - Request sent at: https://api.stackexchange.com/2.2/posts/21870925/comments?order=desc&sort=creation&site=stackoverflow
2018-09-24 11:08:31.633370 retrieve_single_user - Request sent at: https://api.stackexchange.com/2.2/posts/16780/comments?order=desc&sort=creation&site=stackoverflow
2018-09-24 11:08:32.096973 retrieve_single_user - Request sent at: https://api.stackexchange.com/2.2/posts/10633023/comments?order=desc&sort=creation&site=stackoverflow
2018-09-24 11:08:32.570004 retrieve_single_user - Request sent at: https://api.stackexchange.com/2.2/posts/965955/comments?order=desc&sort=creation&site=stackoverflow
2018-09-24 11:09:37.125824 retrieve_n_questions - Request sent at: https://api.stackexchange.com/2.2/questions?tagged=postgres&filter=withbody&page=1&pagesize=10&order=asc&sort=creation&site=stackoverflow
2018-09-24 16:40:48.984948 retrieve_n_questions - Request sent at: https://api.stackexchange.com/2.2/questions?tagged=postgres&filter=withbody&page=1&pagesize=10&order=asc&sort=creation&site=stackoverflow